
Showing All Issues

Build target iosApp of project iosApp with configuration Debug
warning: Run script build phase 'Compile Kotlin' will be run during every build because it does not specify any outputs. To address this issue, either add output dependencies to the script phase, or configure it to run in every build by unchecking "Based on dependency analysis" in the script phase. (in target 'iosApp' from project 'iosApp')
note: Run script build phase 'Compile Kotlin Framework' will be run during every build because the option to run the script phase "Based on dependency analysis" is unchecked. (in target 'iosApp' from project 'iosApp')


Run script build phase 'Compile Kotlin' will be run during every build because it does not specify any outputs. To address this issue, either add output dependencies to the script phase, or configure it to run in every build by unchecking "Based on dependency analysis" in the script phase.

Run script build phase 'Compile Kotlin Framework' will be run during every build because the option to run the script phase "Based on dependency analysis" is unchecked.


Build target abseil of project Pods with configuration Debug
warning: Run script build phase 'Create Symlinks to Header Folders' will be run during every build because it does not specify any outputs. To address this issue, either add output dependencies to the script phase, or configure it to run in every build by unchecking "Based on dependency analysis" in the script phase. (in target 'abseil' from project 'Pods')


Run script build phase 'Create Symlinks to Header Folders' will be run during every build because it does not specify any outputs. To address this issue, either add output dependencies to the script phase, or configure it to run in every build by unchecking "Based on dependency analysis" in the script phase.


Build target BoringSSL-GRPC of project Pods with configuration Debug
warning: Run script build phase 'Create Symlinks to Header Folders' will be run during every build because it does not specify any outputs. To address this issue, either add output dependencies to the script phase, or configure it to run in every build by unchecking "Based on dependency analysis" in the script phase. (in target 'BoringSSL-GRPC' from project 'Pods')


Run script build phase 'Create Symlinks to Header Folders' will be run during every build because it does not specify any outputs. To address this issue, either add output dependencies to the script phase, or configure it to run in every build by unchecking "Based on dependency analysis" in the script phase.


Build target gRPC-C++ of project Pods with configuration Debug
warning: Run script build phase 'Create Symlinks to Header Folders' will be run during every build because it does not specify any outputs. To address this issue, either add output dependencies to the script phase, or configure it to run in every build by unchecking "Based on dependency analysis" in the script phase. (in target 'gRPC-C++' from project 'Pods')


Run script build phase 'Create Symlinks to Header Folders' will be run during every build because it does not specify any outputs. To address this issue, either add output dependencies to the script phase, or configure it to run in every build by unchecking "Based on dependency analysis" in the script phase.


Build target gRPC-Core of project Pods with configuration Debug
warning: Run script build phase 'Create Symlinks to Header Folders' will be run during every build because it does not specify any outputs. To address this issue, either add output dependencies to the script phase, or configure it to run in every build by unchecking "Based on dependency analysis" in the script phase. (in target 'gRPC-Core' from project 'Pods')


Run script build phase 'Create Symlinks to Header Folders' will be run during every build because it does not specify any outputs. To address this issue, either add output dependencies to the script phase, or configure it to run in every build by unchecking "Based on dependency analysis" in the script phase.


Build target composeApp of project Pods with configuration Debug
warning: Run script build phase '[CP-User] Build composeApp' will be run during every build because it does not specify any outputs. To address this issue, either add output dependencies to the script phase, or configure it to run in every build by unchecking "Based on dependency analysis" in the script phase. (in target 'composeApp' from project 'Pods')


Run script build phase '[CP-User] Build composeApp' will be run during every build because it does not specify any outputs. To address this issue, either add output dependencies to the script phase, or configure it to run in every build by unchecking "Based on dependency analysis" in the script phase.

PhaseScriptExecution [CP-User]\ Build\ composeApp /Users/juancruzeliasmartin/Library/Developer/Xcode/DerivedData/iosApp-egruljlnuqqmtoadtbwontgygwaw/Build/Intermediates.noindex/Pods.build/Debug-iphonesimulator/composeApp.build/Script-47089C7BAF7A2AA4C06E6265BF2B7AE8.sh (in target 'composeApp' from project 'Pods')
    cd /Users/juancruzeliasmartin/AndroidStudioProjects/mi-partido-kmp/iosApp/Pods
    export ACTION\=build
    export AD_HOC_CODE_SIGNING_ALLOWED\=YES
    export ALLOW_BUILD_REQUEST_OVERRIDES\=NO
    export ALLOW_TARGET_PLATFORM_SPECIALIZATION\=NO
    export ALTERNATE_GROUP\=staff
    export ALTERNATE_MODE\=u+w,go-w,a+rX
    export ALTERNATE_OWNER\=juancruzeliasmartin
    export ALTERNATIVE_DISTRIBUTION_WEB\=NO
    export ALWAYS_EMBED_SWIFT_STANDARD_LIBRARIES\=NO
    export ALWAYS_SEARCH_USER_PATHS\=NO
    export ALWAYS_USE_SEPARATE_HEADERMAPS\=NO
    export APPLICATION_EXTENSION_API_ONLY\=NO
    export APPLY_RULES_IN_COPY_FILES\=NO
    export APPLY_RULES_IN_COPY_HEADERS\=NO
    export APP_SHORTCUTS_ENABLE_FLEXIBLE_MATCHING\=YES
    export ARCHS\=arm64
    export ARCHS_STANDARD\=arm64\ x86_64
    export ARCHS_STANDARD_32_64_BIT\=arm64\ x86_64
    export ARCHS_STANDARD_64_BIT\=arm64\ x86_64
    export ARCHS_STANDARD_INCLUDING_64_BIT\=arm64\ x86_64
    export ARCHS_UNIVERSAL_IPHONE_OS\=arm64\ x86_64
    export ASSETCATALOG_COMPILER_APPICON_NAME\=AppIcon
    export ASSETCATALOG_COMPILER_GLOBAL_ACCENT_COLOR_NAME\=AccentColor
    export ASSETCATALOG_FILTER_FOR_DEVICE_MODEL\=iPhone18,1
    export ASSETCATALOG_FILTER_FOR_DEVICE_OS_VERSION\=26.0
    export ASSETCATALOG_FILTER_FOR_THINNING_DEVICE_CONFIGURATION\=iPhone18,1
    export AUTOMATICALLY_MERGE_DEPENDENCIES\=NO
    export AUTOMATION_APPLE_EVENTS\=NO
    export AVAILABLE_PLATFORMS\=android\ appletvos\ appletvsimulator\ driverkit\ iphoneos\ iphonesimulator\ macosx\ qnx\ watchos\ watchsimulator\ webassembly\ xros\ xrsimulator
    export BUILD_ACTIVE_RESOURCES_ONLY\=YES
    export BUILD_COMPONENTS\=headers\ build
    export BUILD_DIR\=/Users/juancruzeliasmartin/Library/Developer/Xcode/DerivedData/iosApp-egruljlnuqqmtoadtbwontgygwaw/Build/Products
    export BUILD_LIBRARY_FOR_DISTRIBUTION\=NO
    export BUILD_ROOT\=/Users/juancruzeliasmartin/Library/Developer/Xcode/DerivedData/iosApp-egruljlnuqqmtoadtbwontgygwaw/Build/Products
    export BUILD_STYLE\=
    export BUILD_VARIANTS\=normal
    export BUILT_PRODUCTS_DIR\=/Users/juancruzeliasmartin/Library/Developer/Xcode/DerivedData/iosApp-egruljlnuqqmtoadtbwontgygwaw/Build/Products/Debug-iphonesimulator/composeApp
    export BUNDLE_CONTENTS_FOLDER_PATH_deep\=Contents/
    export BUNDLE_EXECUTABLE_FOLDER_NAME_deep\=MacOS
    export BUNDLE_EXTENSIONS_FOLDER_PATH\=Extensions
    export BUNDLE_FORMAT\=shallow
    export BUNDLE_FRAMEWORKS_FOLDER_PATH\=Frameworks
    export BUNDLE_PLUGINS_FOLDER_PATH\=PlugIns
    export BUNDLE_PRIVATE_HEADERS_FOLDER_PATH\=PrivateHeaders
    export BUNDLE_PUBLIC_HEADERS_FOLDER_PATH\=Headers
    export CACHE_ROOT\=/var/folders/ng/h30h7jp90zg7nwp2ss1k53ch0000gn/C/com.apple.DeveloperTools/26.0.1-17A400/Xcode
    export CCHROOT\=/var/folders/ng/h30h7jp90zg7nwp2ss1k53ch0000gn/C/com.apple.DeveloperTools/26.0.1-17A400/Xcode
    export CHMOD\=/bin/chmod
    export CHOWN\=/usr/sbin/chown
    export CLANG_ANALYZER_LOCALIZABILITY_NONLOCALIZED\=YES
    export CLANG_ANALYZER_NONNULL\=YES
    export CLANG_ANALYZER_NUMBER_OBJECT_CONVERSION\=YES_AGGRESSIVE
    export CLANG_CACHE_FINE_GRAINED_OUTPUTS\=YES
    export CLANG_CXX_LANGUAGE_STANDARD\=gnu++14
    export CLANG_CXX_LIBRARY\=libc++
    export CLANG_ENABLE_EXPLICIT_MODULES\=YES
    export CLANG_ENABLE_MODULES\=YES
    export CLANG_ENABLE_OBJC_ARC\=YES
    export CLANG_ENABLE_OBJC_WEAK\=NO
    export CLANG_MODULES_BUILD_SESSION_FILE\=/Users/juancruzeliasmartin/Library/Developer/Xcode/DerivedData/ModuleCache.noindex/Session.modulevalidation
    export CLANG_WARN_BLOCK_CAPTURE_AUTORELEASING\=YES
    export CLANG_WARN_BOOL_CONVERSION\=YES
    export CLANG_WARN_COMMA\=YES
    export CLANG_WARN_CONSTANT_CONVERSION\=YES
    export CLANG_WARN_DEPRECATED_OBJC_IMPLEMENTATIONS\=YES
    export CLANG_WARN_DIRECT_OBJC_ISA_USAGE\=YES_ERROR
    export CLANG_WARN_DOCUMENTATION_COMMENTS\=YES
    export CLANG_WARN_EMPTY_BODY\=YES
    export CLANG_WARN_ENUM_CONVERSION\=YES
    export CLANG_WARN_INFINITE_RECURSION\=YES
    export CLANG_WARN_INT_CONVERSION\=YES
    export CLANG_WARN_NON_LITERAL_NULL_CONVERSION\=YES
    export CLANG_WARN_OBJC_IMPLICIT_RETAIN_SELF\=YES
    export CLANG_WARN_OBJC_LITERAL_CONVERSION\=YES
    export CLANG_WARN_OBJC_ROOT_CLASS\=YES_ERROR
    export CLANG_WARN_QUOTED_INCLUDE_IN_FRAMEWORK_HEADER\=NO
    export CLANG_WARN_RANGE_LOOP_ANALYSIS\=YES
    export CLANG_WARN_STRICT_PROTOTYPES\=YES
    export CLANG_WARN_SUSPICIOUS_MOVE\=YES
    export CLANG_WARN_UNGUARDED_AVAILABILITY\=YES_AGGRESSIVE
    export CLANG_WARN_UNREACHABLE_CODE\=YES
    export CLANG_WARN__DUPLICATE_METHOD_MATCH\=YES
    export CLASS_FILE_DIR\=/Users/juancruzeliasmartin/Library/Developer/Xcode/DerivedData/iosApp-egruljlnuqqmtoadtbwontgygwaw/Build/Intermediates.noindex/Pods.build/Debug-iphonesimulator/composeApp.build/JavaClasses
    export CLEAN_PRECOMPS\=YES
    export CLONE_HEADERS\=NO
    export CODESIGNING_FOLDER_PATH\=/Users/juancruzeliasmartin/Library/Developer/Xcode/DerivedData/iosApp-egruljlnuqqmtoadtbwontgygwaw/Build/Products/Debug-iphonesimulator/composeApp/
    export CODE_SIGNING_ALLOWED\=NO
    export CODE_SIGNING_REQUIRED\=YES
    export CODE_SIGN_CONTEXT_CLASS\=XCiPhoneSimulatorCodeSignContext
    export CODE_SIGN_IDENTITY\=-
    export CODE_SIGN_INJECT_BASE_ENTITLEMENTS\=YES
    export COLOR_DIAGNOSTICS\=NO
    export COMBINE_HIDPI_IMAGES\=NO
    export COMPILATION_CACHE_CAS_PATH\=/Users/juancruzeliasmartin/Library/Developer/Xcode/DerivedData/CompilationCache.noindex
    export COMPILATION_CACHE_KEEP_CAS_DIRECTORY\=YES
    export COMPILER_INDEX_STORE_ENABLE\=Default
    export COMPOSITE_SDK_DIRS\=/Users/juancruzeliasmartin/Library/Developer/Xcode/DerivedData/iosApp-egruljlnuqqmtoadtbwontgygwaw/Build/Intermediates.noindex/CompositeSDKs
    export COMPRESS_PNG_FILES\=YES
    export CONFIGURATION\=Debug
    export CONFIGURATION_BUILD_DIR\=/Users/juancruzeliasmartin/Library/Developer/Xcode/DerivedData/iosApp-egruljlnuqqmtoadtbwontgygwaw/Build/Products/Debug-iphonesimulator/composeApp
    export CONFIGURATION_TEMP_DIR\=/Users/juancruzeliasmartin/Library/Developer/Xcode/DerivedData/iosApp-egruljlnuqqmtoadtbwontgygwaw/Build/Intermediates.noindex/Pods.build/Debug-iphonesimulator
    export COPYING_PRESERVES_HFS_DATA\=NO
    export COPY_HEADERS_RUN_UNIFDEF\=NO
    export COPY_PHASE_STRIP\=NO
    export CORRESPONDING_DEVICE_PLATFORM_DIR\=/Applications/Xcode.app/Contents/Developer/Platforms/iPhoneOS.platform
    export CORRESPONDING_DEVICE_PLATFORM_NAME\=iphoneos
    export CORRESPONDING_DEVICE_SDK_DIR\=/Applications/Xcode.app/Contents/Developer/Platforms/iPhoneOS.platform/Developer/SDKs/iPhoneOS26.0.sdk
    export CORRESPONDING_DEVICE_SDK_NAME\=iphoneos26.0
    export CP\=/bin/cp
    export CREATE_INFOPLIST_SECTION_IN_BINARY\=NO
    export CURRENT_ARCH\=undefined_arch
    export CURRENT_VARIANT\=normal
    export DEAD_CODE_STRIPPING\=YES
    export DEBUGGING_SYMBOLS\=YES
    export DEBUG_INFORMATION_FORMAT\=dwarf
    export DEBUG_INFORMATION_VERSION\=compiler-default
    export DEFAULT_COMPILER\=com.apple.compilers.llvm.clang.1_0
    export DEFAULT_DEXT_INSTALL_PATH\=/System/Library/DriverExtensions
    export DEFAULT_KEXT_INSTALL_PATH\=/System/Library/Extensions
    export DEFINES_MODULE\=NO
    export DEPLOYMENT_LOCATION\=NO
    export DEPLOYMENT_POSTPROCESSING\=NO
    export DEPLOYMENT_TARGET_SETTING_NAME\=IPHONEOS_DEPLOYMENT_TARGET
    export DEPLOYMENT_TARGET_SUGGESTED_VALUES\=12.0\ 12.1\ 12.2\ 12.3\ 12.4\ 13.0\ 13.1\ 13.2\ 13.3\ 13.4\ 13.5\ 13.6\ 14.0\ 14.1\ 14.2\ 14.3\ 14.4\ 14.5\ 14.6\ 14.7\ 15.0\ 15.1\ 15.2\ 15.3\ 15.4\ 15.5\ 15.6\ 16.0\ 16.1\ 16.2\ 16.3\ 16.4\ 16.5\ 16.6\ 17.0\ 17.1\ 17.2\ 17.3\ 17.4\ 17.5\ 17.6\ 18.0\ 18.1\ 18.2\ 18.3\ 18.4\ 18.5\ 18.6\ 26.0
    export DERIVED_FILES_DIR\=/Users/juancruzeliasmartin/Library/Developer/Xcode/DerivedData/iosApp-egruljlnuqqmtoadtbwontgygwaw/Build/Intermediates.noindex/Pods.build/Debug-iphonesimulator/composeApp.build/DerivedSources
    export DERIVED_FILE_DIR\=/Users/juancruzeliasmartin/Library/Developer/Xcode/DerivedData/iosApp-egruljlnuqqmtoadtbwontgygwaw/Build/Intermediates.noindex/Pods.build/Debug-iphonesimulator/composeApp.build/DerivedSources
    export DERIVED_SOURCES_DIR\=/Users/juancruzeliasmartin/Library/Developer/Xcode/DerivedData/iosApp-egruljlnuqqmtoadtbwontgygwaw/Build/Intermediates.noindex/Pods.build/Debug-iphonesimulator/composeApp.build/DerivedSources
    export DEVELOPER_APPLICATIONS_DIR\=/Applications/Xcode.app/Contents/Developer/Applications
    export DEVELOPER_BIN_DIR\=/Applications/Xcode.app/Contents/Developer/usr/bin
    export DEVELOPER_DIR\=/Applications/Xcode.app/Contents/Developer
    export DEVELOPER_FRAMEWORKS_DIR\=/Applications/Xcode.app/Contents/Developer/Library/Frameworks
    export DEVELOPER_FRAMEWORKS_DIR_QUOTED\=/Applications/Xcode.app/Contents/Developer/Library/Frameworks
    export DEVELOPER_LIBRARY_DIR\=/Applications/Xcode.app/Contents/Developer/Library
    export DEVELOPER_SDK_DIR\=/Applications/Xcode.app/Contents/Developer/Platforms/MacOSX.platform/Developer/SDKs
    export DEVELOPER_TOOLS_DIR\=/Applications/Xcode.app/Contents/Developer/Tools
    export DEVELOPER_USR_DIR\=/Applications/Xcode.app/Contents/Developer/usr
    export DEVELOPMENT_LANGUAGE\=en
    export DIAGNOSE_MISSING_TARGET_DEPENDENCIES\=YES
    export DIFF\=/usr/bin/diff
    export DONT_GENERATE_INFOPLIST_FILE\=NO
    export DSTROOT\=/tmp/Pods.dst
    export DT_TOOLCHAIN_DIR\=/Applications/Xcode.app/Contents/Developer/Toolchains/XcodeDefault.xctoolchain
    export DWARF_DSYM_FILE_NAME\=.dSYM
    export DWARF_DSYM_FILE_SHOULD_ACCOMPANY_PRODUCT\=NO
    export DWARF_DSYM_FOLDER_PATH\=/Users/juancruzeliasmartin/Library/Developer/Xcode/DerivedData/iosApp-egruljlnuqqmtoadtbwontgygwaw/Build/Products/Debug-iphonesimulator/composeApp
    export DYNAMIC_LIBRARY_EXTENSION\=dylib
    export EAGER_COMPILATION_ALLOW_SCRIPTS\=NO
    export EAGER_LINKING\=NO
    export EFFECTIVE_PLATFORM_NAME\=-iphonesimulator
    export EMBEDDED_CONTENT_CONTAINS_SWIFT\=NO
    export EMBED_ASSET_PACKS_IN_PRODUCT_BUNDLE\=NO
    export ENABLE_APP_SANDBOX\=NO
    export ENABLE_CODE_COVERAGE\=YES
    export ENABLE_CPLUSPLUS_BOUNDS_SAFE_BUFFERS\=NO
    export ENABLE_C_BOUNDS_SAFETY\=NO
    export ENABLE_DEFAULT_HEADER_SEARCH_PATHS\=YES
    export ENABLE_DEFAULT_SEARCH_PATHS\=YES
    export ENABLE_ENHANCED_SECURITY\=NO
    export ENABLE_HARDENED_RUNTIME\=NO
    export ENABLE_HEADER_DEPENDENCIES\=YES
    export ENABLE_INCOMING_NETWORK_CONNECTIONS\=NO
    export ENABLE_ON_DEMAND_RESOURCES\=NO
    export ENABLE_OUTGOING_NETWORK_CONNECTIONS\=NO
    export ENABLE_POINTER_AUTHENTICATION\=NO
    export ENABLE_PREVIEWS\=NO
    export ENABLE_RESOURCE_ACCESS_AUDIO_INPUT\=NO
    export ENABLE_RESOURCE_ACCESS_BLUETOOTH\=NO
    export ENABLE_RESOURCE_ACCESS_CALENDARS\=NO
    export ENABLE_RESOURCE_ACCESS_CAMERA\=NO
    export ENABLE_RESOURCE_ACCESS_CONTACTS\=NO
    export ENABLE_RESOURCE_ACCESS_LOCATION\=NO
    export ENABLE_RESOURCE_ACCESS_PHOTO_LIBRARY\=NO
    export ENABLE_RESOURCE_ACCESS_PRINTING\=NO
    export ENABLE_RESOURCE_ACCESS_USB\=NO
    export ENABLE_SDK_IMPORTS\=NO
    export ENABLE_SECURITY_COMPILER_WARNINGS\=NO
    export ENABLE_STRICT_OBJC_MSGSEND\=YES
    export ENABLE_TESTABILITY\=YES
    export ENABLE_TESTING_SEARCH_PATHS\=NO
    export ENABLE_USER_SCRIPT_SANDBOXING\=No
    export ENABLE_XOJIT_PREVIEWS\=YES
    export ENFORCE_VALID_ARCHS\=YES
    export ENTITLEMENTS_DESTINATION\=__entitlements
    export ENTITLEMENTS_REQUIRED\=YES
    export EXCLUDED_INSTALLSRC_SUBDIRECTORY_PATTERNS\=.DS_Store\ .svn\ .git\ .hg\ CVS
    export EXCLUDED_RECURSIVE_SEARCH_PATH_SUBDIRECTORIES\=\*.nib\ \*.lproj\ \*.framework\ \*.gch\ \*.xcode\*\ \*.xcassets\ \*.icon\ \(\*\)\ .DS_Store\ CVS\ .svn\ .git\ .hg\ \*.pbproj\ \*.pbxproj
    export FILE_LIST\=/Users/juancruzeliasmartin/Library/Developer/Xcode/DerivedData/iosApp-egruljlnuqqmtoadtbwontgygwaw/Build/Intermediates.noindex/Pods.build/Debug-iphonesimulator/composeApp.build/Objects/LinkFileList
    export FIXED_FILES_DIR\=/Users/juancruzeliasmartin/Library/Developer/Xcode/DerivedData/iosApp-egruljlnuqqmtoadtbwontgygwaw/Build/Intermediates.noindex/Pods.build/Debug-iphonesimulator/composeApp.build/FixedFiles
    export FRAMEWORK_SEARCH_PATHS\=\ \"/Users/juancruzeliasmartin/Library/Developer/Xcode/DerivedData/iosApp-egruljlnuqqmtoadtbwontgygwaw/Build/Products/Debug-iphonesimulator/AppAuth\"\ \"/Users/juancruzeliasmartin/Library/Developer/Xcode/DerivedData/iosApp-egruljlnuqqmtoadtbwontgygwaw/Build/Products/Debug-iphonesimulator/BoringSSL-GRPC\"\ \"/Users/juancruzeliasmartin/Library/Developer/Xcode/DerivedData/iosApp-egruljlnuqqmtoadtbwontgygwaw/Build/Products/Debug-iphonesimulator/FirebaseAppCheckInterop\"\ \"/Users/juancruzeliasmartin/Library/Developer/Xcode/DerivedData/iosApp-egruljlnuqqmtoadtbwontgygwaw/Build/Products/Debug-iphonesimulator/FirebaseAuth\"\ \"/Users/juancruzeliasmartin/Library/Developer/Xcode/DerivedData/iosApp-egruljlnuqqmtoadtbwontgygwaw/Build/Products/Debug-iphonesimulator/FirebaseAuthInterop\"\ \"/Users/juancruzeliasmartin/Library/Developer/Xcode/DerivedData/iosApp-egruljlnuqqmtoadtbwontgygwaw/Build/Products/Debug-iphonesimulator/FirebaseCore\"\ \"/Users/juancruzeliasmartin/Library/Developer/Xcode/DerivedData/iosApp-egruljlnuqqmtoadtbwontgygwaw/Build/Products/Debug-iphonesimulator/FirebaseCoreExtension\"\ \"/Users/juancruzeliasmartin/Library/Developer/Xcode/DerivedData/iosApp-egruljlnuqqmtoadtbwontgygwaw/Build/Products/Debug-iphonesimulator/FirebaseCoreInternal\"\ \"/Users/juancruzeliasmartin/Library/Developer/Xcode/DerivedData/iosApp-egruljlnuqqmtoadtbwontgygwaw/Build/Products/Debug-iphonesimulator/FirebaseFirestore\"\ \"/Users/juancruzeliasmartin/Library/Developer/Xcode/DerivedData/iosApp-egruljlnuqqmtoadtbwontgygwaw/Build/Products/Debug-iphonesimulator/FirebaseFirestoreInternal\"\ \"/Users/juancruzeliasmartin/Library/Developer/Xcode/DerivedData/iosApp-egruljlnuqqmtoadtbwontgygwaw/Build/Products/Debug-iphonesimulator/FirebaseSharedSwift\"\ \"/Users/juancruzeliasmartin/Library/Developer/Xcode/DerivedData/iosApp-egruljlnuqqmtoadtbwontgygwaw/Build/Products/Debug-iphonesimulator/GTMAppAuth\"\ \"/Users/juancruzeliasmartin/Library/Developer/Xcode/DerivedData/iosApp-egruljlnuqqmtoadtbwontgygwaw/Build/Products/Debug-iphonesimulator/GTMSessionFetcher\"\ \"/Users/juancruzeliasmartin/Library/Developer/Xcode/DerivedData/iosApp-egruljlnuqqmtoadtbwontgygwaw/Build/Products/Debug-iphonesimulator/GoogleSignIn\"\ \"/Users/juancruzeliasmartin/Library/Developer/Xcode/DerivedData/iosApp-egruljlnuqqmtoadtbwontgygwaw/Build/Products/Debug-iphonesimulator/GoogleUtilities\"\ \"/Users/juancruzeliasmartin/Library/Developer/Xcode/DerivedData/iosApp-egruljlnuqqmtoadtbwontgygwaw/Build/Products/Debug-iphonesimulator/RecaptchaInterop\"\ \"/Users/juancruzeliasmartin/Library/Developer/Xcode/DerivedData/iosApp-egruljlnuqqmtoadtbwontgygwaw/Build/Products/Debug-iphonesimulator/abseil\"\ \"/Users/juancruzeliasmartin/Library/Developer/Xcode/DerivedData/iosApp-egruljlnuqqmtoadtbwontgygwaw/Build/Products/Debug-iphonesimulator/gRPC-C++\"\ \"/Users/juancruzeliasmartin/Library/Developer/Xcode/DerivedData/iosApp-egruljlnuqqmtoadtbwontgygwaw/Build/Products/Debug-iphonesimulator/gRPC-Core\"\ \"/Users/juancruzeliasmartin/Library/Developer/Xcode/DerivedData/iosApp-egruljlnuqqmtoadtbwontgygwaw/Build/Products/Debug-iphonesimulator/leveldb-library\"\ \"/Users/juancruzeliasmartin/Library/Developer/Xcode/DerivedData/iosApp-egruljlnuqqmtoadtbwontgygwaw/Build/Products/Debug-iphonesimulator/nanopb\"\ \"/Users/juancruzeliasmartin/AndroidStudioProjects/mi-partido-kmp/iosApp/Pods/../../composeApp/build/cocoapods/framework\"
    export FRAMEWORK_VERSION\=A
    export FUSE_BUILD_PHASES\=YES
    export FUSE_BUILD_SCRIPT_PHASES\=NO
    export GCC3_VERSION\=3.3
    export GCC_C_LANGUAGE_STANDARD\=gnu11
    export GCC_DYNAMIC_NO_PIC\=NO
    export GCC_NO_COMMON_BLOCKS\=YES
    export GCC_OBJC_LEGACY_DISPATCH\=YES
    export GCC_OPTIMIZATION_LEVEL\=0
    export GCC_PFE_FILE_C_DIALECTS\=c\ objective-c\ c++\ objective-c++
    export GCC_PREPROCESSOR_DEFINITIONS\=POD_CONFIGURATION_DEBUG\=1\ DEBUG\=1\ \ COCOAPODS\=1
    export GCC_TREAT_WARNINGS_AS_ERRORS\=NO
    export GCC_VERSION\=com.apple.compilers.llvm.clang.1_0
    export GCC_VERSION_IDENTIFIER\=com_apple_compilers_llvm_clang_1_0
    export GCC_WARN_64_TO_32_BIT_CONVERSION\=YES
    export GCC_WARN_ABOUT_RETURN_TYPE\=YES_ERROR
    export GCC_WARN_UNDECLARED_SELECTOR\=YES
    export GCC_WARN_UNINITIALIZED_AUTOS\=YES_AGGRESSIVE
    export GCC_WARN_UNUSED_FUNCTION\=YES
    export GCC_WARN_UNUSED_VARIABLE\=YES
    export GENERATED_MODULEMAP_DIR\=/Users/juancruzeliasmartin/Library/Developer/Xcode/DerivedData/iosApp-egruljlnuqqmtoadtbwontgygwaw/Build/Intermediates.noindex/GeneratedModuleMaps-iphonesimulator
    export GENERATE_INFOPLIST_FILE\=NO
    export GENERATE_INTERMEDIATE_TEXT_BASED_STUBS\=YES
    export GENERATE_PKGINFO_FILE\=NO
    export GENERATE_PRELINK_OBJECT_FILE\=NO
    export GENERATE_PROFILING_CODE\=NO
    export GENERATE_TEXT_BASED_STUBS\=NO
    export GID\=20
    export GROUP\=staff
    export HEADERMAP_INCLUDES_FLAT_ENTRIES_FOR_TARGET_BEING_BUILT\=YES
    export HEADERMAP_INCLUDES_FRAMEWORK_ENTRIES_FOR_ALL_PRODUCT_TYPES\=YES
    export HEADERMAP_INCLUDES_FRAMEWORK_ENTRIES_FOR_TARGETS_NOT_BEING_BUILT\=YES
    export HEADERMAP_INCLUDES_NONPUBLIC_NONPRIVATE_HEADERS\=YES
    export HEADERMAP_INCLUDES_PROJECT_HEADERS\=YES
    export HEADERMAP_USES_FRAMEWORK_PREFIX_ENTRIES\=YES
    export HEADERMAP_USES_VFS\=NO
    export HOME\=/Users/juancruzeliasmartin
    export HOST_ARCH\=arm64
    export HOST_PLATFORM\=macosx
    export ICONV\=/usr/bin/iconv
    export IMPLICIT_DEPENDENCY_DOMAIN\=default
    export INFOPLIST_ENABLE_CFBUNDLEICONS_MERGE\=YES
    export INFOPLIST_EXPAND_BUILD_SETTINGS\=YES
    export INFOPLIST_OUTPUT_FORMAT\=binary
    export INFOPLIST_PREPROCESS\=NO
    export INLINE_PRIVATE_FRAMEWORKS\=NO
    export INSTALLAPI_IGNORE_SKIP_INSTALL\=YES
    export INSTALLHDRS_COPY_PHASE\=NO
    export INSTALLHDRS_SCRIPT_PHASE\=NO
    export INSTALL_DIR\=/tmp/Pods.dst
    export INSTALL_GROUP\=staff
    export INSTALL_MODE_FLAG\=u+w,go-w,a+rX
    export INSTALL_OWNER\=juancruzeliasmartin
    export INSTALL_ROOT\=/tmp/Pods.dst
    export IPHONEOS_DEPLOYMENT_TARGET\=15.0
    export IS_UNOPTIMIZED_BUILD\=YES
    export JAVAC_DEFAULT_FLAGS\=-J-Xms64m\ -J-XX:NewSize\=4M\ -J-Dfile.encoding\=UTF8
    export JAVA_APP_STUB\=/System/Library/Frameworks/JavaVM.framework/Resources/MacOS/JavaApplicationStub
    export JAVA_ARCHIVE_CLASSES\=YES
    export JAVA_ARCHIVE_TYPE\=JAR
    export JAVA_COMPILER\=/usr/bin/javac
    export JAVA_FRAMEWORK_RESOURCES_DIRS\=Resources
    export JAVA_JAR_FLAGS\=cv
    export JAVA_SOURCE_SUBDIR\=.
    export JAVA_USE_DEPENDENCIES\=YES
    export JAVA_ZIP_FLAGS\=-urg
    export JIKES_DEFAULT_FLAGS\=+E\ +OLDCSO
    export KEEP_PRIVATE_EXTERNS\=NO
    export LD_DEPENDENCY_INFO_FILE\=/Users/juancruzeliasmartin/Library/Developer/Xcode/DerivedData/iosApp-egruljlnuqqmtoadtbwontgygwaw/Build/Intermediates.noindex/Pods.build/Debug-iphonesimulator/composeApp.build/Objects-normal/undefined_arch/composeApp_dependency_info.dat
    export LD_EXPORT_SYMBOLS\=YES
    export LD_GENERATE_MAP_FILE\=NO
    export LD_MAP_FILE_PATH\=/Users/juancruzeliasmartin/Library/Developer/Xcode/DerivedData/iosApp-egruljlnuqqmtoadtbwontgygwaw/Build/Intermediates.noindex/Pods.build/Debug-iphonesimulator/composeApp.build/composeApp-LinkMap-normal-undefined_arch.txt
    export LD_NO_PIE\=NO
    export LD_QUOTE_LINKER_ARGUMENTS_FOR_COMPILER_DRIVER\=YES
    export LD_RUNPATH_SEARCH_PATHS\=\ @executable_path/Frameworks
    export LD_SHARED_CACHE_ELIGIBLE\=Automatic
    export LD_WARN_DUPLICATE_LIBRARIES\=NO
    export LD_WARN_UNUSED_DYLIBS\=NO
    export LEGACY_DEVELOPER_DIR\=/Applications/Xcode.app/Contents/PlugIns/Xcode3Core.ideplugin/Contents/SharedSupport/Developer
    export LEX\=lex
    export LIBRARY_DEXT_INSTALL_PATH\=/Library/DriverExtensions
    export LIBRARY_FLAG_NOSPACE\=YES
    export LIBRARY_KEXT_INSTALL_PATH\=/Library/Extensions
    export LINKER_DISPLAYS_MANGLED_NAMES\=NO
    export LINK_FILE_LIST_normal_arm64\=/Users/juancruzeliasmartin/Library/Developer/Xcode/DerivedData/iosApp-egruljlnuqqmtoadtbwontgygwaw/Build/Intermediates.noindex/Pods.build/Debug-iphonesimulator/composeApp.build/Objects-normal/arm64/composeApp.LinkFileList
    export LINK_OBJC_RUNTIME\=YES
    export LINK_WITH_STANDARD_LIBRARIES\=YES
    export LLVM_TARGET_TRIPLE_OS_VERSION\=ios15.0
    export LLVM_TARGET_TRIPLE_SUFFIX\=-simulator
    export LLVM_TARGET_TRIPLE_VENDOR\=apple
    export LM_AUX_CONST_METADATA_LIST_PATH_normal_arm64\=/Users/juancruzeliasmartin/Library/Developer/Xcode/DerivedData/iosApp-egruljlnuqqmtoadtbwontgygwaw/Build/Intermediates.noindex/Pods.build/Debug-iphonesimulator/composeApp.build/Objects-normal/arm64/composeApp.SwiftConstValuesFileList
    export LOCALIZATION_EXPORT_SUPPORTED\=YES
    export LOCALIZATION_PREFERS_STRING_CATALOGS\=NO
    export LOCALIZED_STRING_MACRO_NAMES\=NSLocalizedString\ CFCopyLocalizedString
    export LOCALIZED_STRING_SWIFTUI_SUPPORT\=YES
    export LOCAL_ADMIN_APPS_DIR\=/Applications/Utilities
    export LOCAL_APPS_DIR\=/Applications
    export LOCAL_DEVELOPER_DIR\=/Library/Developer
    export LOCAL_LIBRARY_DIR\=/Library
    export LOCROOT\=/Users/juancruzeliasmartin/AndroidStudioProjects/mi-partido-kmp/iosApp/Pods
    export LOCSYMROOT\=/Users/juancruzeliasmartin/AndroidStudioProjects/mi-partido-kmp/iosApp/Pods
    export MAC_OS_X_PRODUCT_BUILD_VERSION\=25B78
    export MAC_OS_X_VERSION_ACTUAL\=260100
    export MAC_OS_X_VERSION_MAJOR\=260000
    export MAC_OS_X_VERSION_MINOR\=260100
    export MAKE_MERGEABLE\=NO
    export MERGEABLE_LIBRARY\=NO
    export MERGED_BINARY_TYPE\=none
    export MERGE_LINKED_LIBRARIES\=NO
    export METAL_LIBRARY_FILE_BASE\=default
    export METAL_LIBRARY_OUTPUT_DIR\=/Users/juancruzeliasmartin/Library/Developer/Xcode/DerivedData/iosApp-egruljlnuqqmtoadtbwontgygwaw/Build/Products/Debug-iphonesimulator/composeApp/
    export MODULE_CACHE_DIR\=/Users/juancruzeliasmartin/Library/Developer/Xcode/DerivedData/ModuleCache.noindex
    export MTL_ENABLE_DEBUG_INFO\=INCLUDE_SOURCE
    export MTL_FAST_MATH\=YES
    export NATIVE_ARCH\=arm64
    export NATIVE_ARCH_32_BIT\=arm
    export NATIVE_ARCH_64_BIT\=arm64
    export NATIVE_ARCH_ACTUAL\=arm64
    export NO_COMMON\=YES
    export OBJC_ABI_VERSION\=2
    export OBJECT_FILE_DIR\=/Users/juancruzeliasmartin/Library/Developer/Xcode/DerivedData/iosApp-egruljlnuqqmtoadtbwontgygwaw/Build/Intermediates.noindex/Pods.build/Debug-iphonesimulator/composeApp.build/Objects
    export OBJECT_FILE_DIR_normal\=/Users/juancruzeliasmartin/Library/Developer/Xcode/DerivedData/iosApp-egruljlnuqqmtoadtbwontgygwaw/Build/Intermediates.noindex/Pods.build/Debug-iphonesimulator/composeApp.build/Objects-normal
    export OBJROOT\=/Users/juancruzeliasmartin/Library/Developer/Xcode/DerivedData/iosApp-egruljlnuqqmtoadtbwontgygwaw/Build/Intermediates.noindex
    export ONLY_ACTIVE_ARCH\=YES
    export OS\=MACOS
    export OSAC\=/usr/bin/osacompile
    export PASCAL_STRINGS\=YES
    export PATH\=/Applications/Xcode.app/Contents/SharedFrameworks/SwiftBuild.framework/Versions/A/PlugIns/SWBBuildService.bundle/Contents/PlugIns/SWBUniversalPlatformPlugin.bundle/Contents/Frameworks/SWBUniversalPlatform.framework/Resources:/Applications/Xcode.app/Contents/Developer/Toolchains/XcodeDefault.xctoolchain/usr/bin:/Applications/Xcode.app/Contents/Developer/Toolchains/XcodeDefault.xctoolchain/usr/local/bin:/Applications/Xcode.app/Contents/Developer/Toolchains/XcodeDefault.xctoolchain/usr/libexec:/Applications/Xcode.app/Contents/Developer/Platforms/iPhoneSimulator.platform/usr/bin:/Applications/Xcode.app/Contents/Developer/Platforms/iPhoneSimulator.platform/usr/local/bin:/Applications/Xcode.app/Contents/Developer/Platforms/iPhoneSimulator.platform/Developer/usr/bin:/Applications/Xcode.app/Contents/Developer/Platforms/iPhoneSimulator.platform/Developer/usr/local/bin:/Applications/Xcode.app/Contents/Developer/usr/bin:/Applications/Xcode.app/Contents/Developer/usr/local/bin:/usr/local/bin:/usr/bin:/bin:/usr/sbin:/sbin
    export PATH_PREFIXES_EXCLUDED_FROM_HEADER_DEPENDENCIES\=/usr/include\ /usr/local/include\ /System/Library/Frameworks\ /System/Library/PrivateFrameworks\ /Applications/Xcode.app/Contents/Developer/Headers\ /Applications/Xcode.app/Contents/Developer/SDKs\ /Applications/Xcode.app/Contents/Developer/Platforms
    export PER_ARCH_MODULE_FILE_DIR\=/Users/juancruzeliasmartin/Library/Developer/Xcode/DerivedData/iosApp-egruljlnuqqmtoadtbwontgygwaw/Build/Intermediates.noindex/Pods.build/Debug-iphonesimulator/composeApp.build/Objects-normal/undefined_arch
    export PER_ARCH_OBJECT_FILE_DIR\=/Users/juancruzeliasmartin/Library/Developer/Xcode/DerivedData/iosApp-egruljlnuqqmtoadtbwontgygwaw/Build/Intermediates.noindex/Pods.build/Debug-iphonesimulator/composeApp.build/Objects-normal/undefined_arch
    export PER_VARIANT_OBJECT_FILE_DIR\=/Users/juancruzeliasmartin/Library/Developer/Xcode/DerivedData/iosApp-egruljlnuqqmtoadtbwontgygwaw/Build/Intermediates.noindex/Pods.build/Debug-iphonesimulator/composeApp.build/Objects-normal
    export PKGINFO_FILE_PATH\=/Users/juancruzeliasmartin/Library/Developer/Xcode/DerivedData/iosApp-egruljlnuqqmtoadtbwontgygwaw/Build/Intermediates.noindex/Pods.build/Debug-iphonesimulator/composeApp.build/PkgInfo
    export PLATFORM_DEVELOPER_APPLICATIONS_DIR\=/Applications/Xcode.app/Contents/Developer/Platforms/iPhoneSimulator.platform/Developer/Applications
    export PLATFORM_DEVELOPER_BIN_DIR\=/Applications/Xcode.app/Contents/Developer/Platforms/iPhoneSimulator.platform/Developer/usr/bin
    export PLATFORM_DEVELOPER_LIBRARY_DIR\=/Applications/Xcode.app/Contents/Developer/Platforms/iPhoneSimulator.platform/Developer/Library
    export PLATFORM_DEVELOPER_SDK_DIR\=/Applications/Xcode.app/Contents/Developer/Platforms/iPhoneSimulator.platform/Developer/SDKs
    export PLATFORM_DEVELOPER_TOOLS_DIR\=/Applications/Xcode.app/Contents/Developer/Platforms/iPhoneSimulator.platform/Developer/Tools
    export PLATFORM_DEVELOPER_USR_DIR\=/Applications/Xcode.app/Contents/Developer/Platforms/iPhoneSimulator.platform/Developer/usr
    export PLATFORM_DIR\=/Applications/Xcode.app/Contents/Developer/Platforms/iPhoneSimulator.platform
    export PLATFORM_DISPLAY_NAME\=iOS\ Simulator
    export PLATFORM_FAMILY_NAME\=iOS
    export PLATFORM_NAME\=iphonesimulator
    export PLATFORM_PREFERRED_ARCH\=x86_64
    export PLATFORM_PRODUCT_BUILD_VERSION\=23A339
    export PLATFORM_REQUIRES_SWIFT_AUTOLINK_EXTRACT\=NO
    export PLATFORM_REQUIRES_SWIFT_MODULEWRAP\=NO
    export PLIST_FILE_OUTPUT_FORMAT\=binary
    export PODS_BUILD_DIR\=/Users/juancruzeliasmartin/Library/Developer/Xcode/DerivedData/iosApp-egruljlnuqqmtoadtbwontgygwaw/Build/Products
    export PODS_CONFIGURATION_BUILD_DIR\=/Users/juancruzeliasmartin/Library/Developer/Xcode/DerivedData/iosApp-egruljlnuqqmtoadtbwontgygwaw/Build/Products/Debug-iphonesimulator
    export PODS_DEVELOPMENT_LANGUAGE\=en
    export PODS_ROOT\=/Users/juancruzeliasmartin/AndroidStudioProjects/mi-partido-kmp/iosApp/Pods
    export PODS_TARGET_SRCROOT\=/Users/juancruzeliasmartin/AndroidStudioProjects/mi-partido-kmp/iosApp/Pods/../../composeApp
    export PODS_XCFRAMEWORKS_BUILD_DIR\=/Users/juancruzeliasmartin/Library/Developer/Xcode/DerivedData/iosApp-egruljlnuqqmtoadtbwontgygwaw/Build/Products/Debug-iphonesimulator/XCFrameworkIntermediates
    export PRECOMPS_INCLUDE_HEADERS_FROM_BUILT_PRODUCTS_DIR\=YES
    export PRECOMP_DESTINATION_DIR\=/Users/juancruzeliasmartin/Library/Developer/Xcode/DerivedData/iosApp-egruljlnuqqmtoadtbwontgygwaw/Build/Intermediates.noindex/Pods.build/Debug-iphonesimulator/composeApp.build/PrefixHeaders
    export PROCESSED_INFOPLIST_PATH\=/Users/juancruzeliasmartin/Library/Developer/Xcode/DerivedData/iosApp-egruljlnuqqmtoadtbwontgygwaw/Build/Intermediates.noindex/Pods.build/Debug-iphonesimulator/composeApp.build/Objects-normal/undefined_arch/Processed-Info.plist
    export PRODUCT_BUNDLE_IDENTIFIER\=org.cocoapods.composeApp
    export PRODUCT_MODULE_NAME\=composeApp
    export PRODUCT_NAME\=composeApp
    export PRODUCT_SETTINGS_PATH\=
    export PROFILING_CODE\=NO
    export PROJECT\=Pods
    export PROJECT_DERIVED_FILE_DIR\=/Users/juancruzeliasmartin/Library/Developer/Xcode/DerivedData/iosApp-egruljlnuqqmtoadtbwontgygwaw/Build/Intermediates.noindex/Pods.build/DerivedSources
    export PROJECT_DIR\=/Users/juancruzeliasmartin/AndroidStudioProjects/mi-partido-kmp/iosApp/Pods
    export PROJECT_FILE_PATH\=/Users/juancruzeliasmartin/AndroidStudioProjects/mi-partido-kmp/iosApp/Pods/Pods.xcodeproj
    export PROJECT_GUID\=8699adb1dd336b26511df848a716bd42
    export PROJECT_NAME\=Pods
    export PROJECT_TEMP_DIR\=/Users/juancruzeliasmartin/Library/Developer/Xcode/DerivedData/iosApp-egruljlnuqqmtoadtbwontgygwaw/Build/Intermediates.noindex/Pods.build
    export PROJECT_TEMP_ROOT\=/Users/juancruzeliasmartin/Library/Developer/Xcode/DerivedData/iosApp-egruljlnuqqmtoadtbwontgygwaw/Build/Intermediates.noindex
    export RECOMMENDED_IPHONEOS_DEPLOYMENT_TARGET\=15.0
    export RECURSIVE_SEARCH_PATHS_FOLLOW_SYMLINKS\=YES
    export REMOVE_CVS_FROM_RESOURCES\=YES
    export REMOVE_GIT_FROM_RESOURCES\=YES
    export REMOVE_HEADERS_FROM_EMBEDDED_BUNDLES\=YES
    export REMOVE_HG_FROM_RESOURCES\=YES
    export REMOVE_STATIC_EXECUTABLES_FROM_EMBEDDED_BUNDLES\=YES
    export REMOVE_SVN_FROM_RESOURCES\=YES
    export RESCHEDULE_INDEPENDENT_HEADERS_PHASES\=YES
    export REZ_COLLECTOR_DIR\=/Users/juancruzeliasmartin/Library/Developer/Xcode/DerivedData/iosApp-egruljlnuqqmtoadtbwontgygwaw/Build/Intermediates.noindex/Pods.build/Debug-iphonesimulator/composeApp.build/ResourceManagerResources
    export REZ_OBJECTS_DIR\=/Users/juancruzeliasmartin/Library/Developer/Xcode/DerivedData/iosApp-egruljlnuqqmtoadtbwontgygwaw/Build/Intermediates.noindex/Pods.build/Debug-iphonesimulator/composeApp.build/ResourceManagerResources/Objects
    export RUNTIME_EXCEPTION_ALLOW_DYLD_ENVIRONMENT_VARIABLES\=NO
    export RUNTIME_EXCEPTION_ALLOW_JIT\=NO
    export RUNTIME_EXCEPTION_ALLOW_UNSIGNED_EXECUTABLE_MEMORY\=NO
    export RUNTIME_EXCEPTION_DEBUGGING_TOOL\=NO
    export RUNTIME_EXCEPTION_DISABLE_EXECUTABLE_PAGE_PROTECTION\=NO
    export RUNTIME_EXCEPTION_DISABLE_LIBRARY_VALIDATION\=NO
    export SCAN_ALL_SOURCE_FILES_FOR_INCLUDES\=NO
    export SCRIPT_INPUT_FILE_COUNT\=0
    export SCRIPT_INPUT_FILE_LIST_COUNT\=0
    export SCRIPT_OUTPUT_FILE_COUNT\=0
    export SCRIPT_OUTPUT_FILE_LIST_COUNT\=0
    export SDKROOT\=/Applications/Xcode.app/Contents/Developer/Platforms/iPhoneSimulator.platform/Developer/SDKs/iPhoneSimulator26.0.sdk
    export SDK_DIR\=/Applications/Xcode.app/Contents/Developer/Platforms/iPhoneSimulator.platform/Developer/SDKs/iPhoneSimulator26.0.sdk
    export SDK_DIR_iphonesimulator\=/Applications/Xcode.app/Contents/Developer/Platforms/iPhoneSimulator.platform/Developer/SDKs/iPhoneSimulator26.0.sdk
    export SDK_DIR_iphonesimulator26_0\=/Applications/Xcode.app/Contents/Developer/Platforms/iPhoneSimulator.platform/Developer/SDKs/iPhoneSimulator26.0.sdk
    export SDK_NAME\=iphonesimulator26.0
    export SDK_NAMES\=iphonesimulator26.0
    export SDK_PRODUCT_BUILD_VERSION\=23A339
    export SDK_STAT_CACHE_DIR\=/Users/juancruzeliasmartin/Library/Developer/Xcode/DerivedData
    export SDK_STAT_CACHE_ENABLE\=YES
    export SDK_STAT_CACHE_PATH\=/Users/juancruzeliasmartin/Library/Developer/Xcode/DerivedData/SDKStatCaches.noindex/iphonesimulator26.0-23A339-26257891a6c027eb51374368541b8346.sdkstatcache
    export SDK_VERSION\=26.0
    export SDK_VERSION_ACTUAL\=260000
    export SDK_VERSION_MAJOR\=260000
    export SDK_VERSION_MINOR\=260000
    export SED\=/usr/bin/sed
    export SEPARATE_STRIP\=NO
    export SEPARATE_SYMBOL_EDIT\=NO
    export SET_DIR_MODE_OWNER_GROUP\=YES
    export SET_FILE_MODE_OWNER_GROUP\=NO
    export SHALLOW_BUNDLE\=NO
    export SHARED_DERIVED_FILE_DIR\=/Users/juancruzeliasmartin/Library/Developer/Xcode/DerivedData/iosApp-egruljlnuqqmtoadtbwontgygwaw/Build/Products/Debug-iphonesimulator/composeApp/DerivedSources
    export SHARED_PRECOMPS_DIR\=/Users/juancruzeliasmartin/Library/Developer/Xcode/DerivedData/iosApp-egruljlnuqqmtoadtbwontgygwaw/Build/Intermediates.noindex/PrecompiledHeaders
    export SKIP_INSTALL\=YES
    export SOURCE_ROOT\=/Users/juancruzeliasmartin/AndroidStudioProjects/mi-partido-kmp/iosApp/Pods
    export SRCROOT\=/Users/juancruzeliasmartin/AndroidStudioProjects/mi-partido-kmp/iosApp/Pods
    export STRINGSDATA_DIR\=/Users/juancruzeliasmartin/Library/Developer/Xcode/DerivedData/iosApp-egruljlnuqqmtoadtbwontgygwaw/Build/Intermediates.noindex/Pods.build/Debug-iphonesimulator/composeApp.build/Objects-normal/undefined_arch
    export STRINGSDATA_ROOT\=/Users/juancruzeliasmartin/Library/Developer/Xcode/DerivedData/iosApp-egruljlnuqqmtoadtbwontgygwaw/Build/Intermediates.noindex/Pods.build/Debug-iphonesimulator/composeApp.build
    export STRINGS_FILE_INFOPLIST_RENAME\=YES
    export STRINGS_FILE_OUTPUT_ENCODING\=binary
    export STRING_CATALOG_GENERATE_SYMBOLS\=NO
    export STRIP_BITCODE_FROM_COPIED_FILES\=NO
    export STRIP_INSTALLED_PRODUCT\=NO
    export STRIP_STYLE\=all
    export STRIP_SWIFT_SYMBOLS\=YES
    export SUPPORTED_DEVICE_FAMILIES\=1,2
    export SUPPORTED_PLATFORMS\=iphoneos\ iphonesimulator
    export SUPPORTS_TEXT_BASED_API\=NO
    export SUPPRESS_WARNINGS\=NO
    export SWIFT_ACTIVE_COMPILATION_CONDITIONS\=DEBUG
    export SWIFT_EMIT_CONST_VALUE_PROTOCOLS\=AppIntent\ EntityQuery\ AppEntity\ TransientEntity\ AppEnum\ AppShortcutProviding\ AppShortcutsProvider\ AnyResolverProviding\ AppIntentsPackage\ DynamicOptionsProvider\ _IntentValueRepresentable\ _AssistantIntentsProvider\ _GenerativeFunctionExtractable\ IntentValueQuery\ Resolver\ AppExtension\ ExtensionPointDefining
    export SWIFT_EMIT_LOC_STRINGS\=NO
    export SWIFT_ENABLE_EXPLICIT_MODULES\=YES
    export SWIFT_OPTIMIZATION_LEVEL\=-Onone
    export SWIFT_PLATFORM_TARGET_PREFIX\=ios
    export SWIFT_RESPONSE_FILE_PATH_normal_arm64\=/Users/juancruzeliasmartin/Library/Developer/Xcode/DerivedData/iosApp-egruljlnuqqmtoadtbwontgygwaw/Build/Intermediates.noindex/Pods.build/Debug-iphonesimulator/composeApp.build/Objects-normal/arm64/composeApp.SwiftFileList
    export SWIFT_VERSION\=5.0
    export SYMROOT\=/Users/juancruzeliasmartin/Library/Developer/Xcode/DerivedData/iosApp-egruljlnuqqmtoadtbwontgygwaw/Build/Products
    export SYSTEM_ADMIN_APPS_DIR\=/Applications/Utilities
    export SYSTEM_APPS_DIR\=/Applications
    export SYSTEM_CORE_SERVICES_DIR\=/System/Library/CoreServices
    export SYSTEM_DEMOS_DIR\=/Applications/Extras
    export SYSTEM_DEVELOPER_APPS_DIR\=/Applications/Xcode.app/Contents/Developer/Applications
    export SYSTEM_DEVELOPER_BIN_DIR\=/Applications/Xcode.app/Contents/Developer/usr/bin
    export SYSTEM_DEVELOPER_DEMOS_DIR\=/Applications/Xcode.app/Contents/Developer/Applications/Utilities/Built\ Examples
    export SYSTEM_DEVELOPER_DIR\=/Applications/Xcode.app/Contents/Developer
    export SYSTEM_DEVELOPER_DOC_DIR\=/Applications/Xcode.app/Contents/Developer/ADC\ Reference\ Library
    export SYSTEM_DEVELOPER_GRAPHICS_TOOLS_DIR\=/Applications/Xcode.app/Contents/Developer/Applications/Graphics\ Tools
    export SYSTEM_DEVELOPER_JAVA_TOOLS_DIR\=/Applications/Xcode.app/Contents/Developer/Applications/Java\ Tools
    export SYSTEM_DEVELOPER_PERFORMANCE_TOOLS_DIR\=/Applications/Xcode.app/Contents/Developer/Applications/Performance\ Tools
    export SYSTEM_DEVELOPER_RELEASENOTES_DIR\=/Applications/Xcode.app/Contents/Developer/ADC\ Reference\ Library/releasenotes
    export SYSTEM_DEVELOPER_TOOLS\=/Applications/Xcode.app/Contents/Developer/Tools
    export SYSTEM_DEVELOPER_TOOLS_DOC_DIR\=/Applications/Xcode.app/Contents/Developer/ADC\ Reference\ Library/documentation/DeveloperTools
    export SYSTEM_DEVELOPER_TOOLS_RELEASENOTES_DIR\=/Applications/Xcode.app/Contents/Developer/ADC\ Reference\ Library/releasenotes/DeveloperTools
    export SYSTEM_DEVELOPER_USR_DIR\=/Applications/Xcode.app/Contents/Developer/usr
    export SYSTEM_DEVELOPER_UTILITIES_DIR\=/Applications/Xcode.app/Contents/Developer/Applications/Utilities
    export SYSTEM_DEXT_INSTALL_PATH\=/System/Library/DriverExtensions
    export SYSTEM_DOCUMENTATION_DIR\=/Library/Documentation
    export SYSTEM_KEXT_INSTALL_PATH\=/System/Library/Extensions
    export SYSTEM_LIBRARY_DIR\=/System/Library
    export TAPI_DEMANGLE\=YES
    export TAPI_ENABLE_PROJECT_HEADERS\=NO
    export TAPI_LANGUAGE\=objective-c
    export TAPI_LANGUAGE_STANDARD\=compiler-default
    export TAPI_USE_SRCROOT\=YES
    export TAPI_VERIFY_MODE\=Pedantic
    export TARGETED_DEVICE_FAMILY\=1,2
    export TARGETNAME\=composeApp
    export TARGET_BUILD_DIR\=/Users/juancruzeliasmartin/Library/Developer/Xcode/DerivedData/iosApp-egruljlnuqqmtoadtbwontgygwaw/Build/Products/Debug-iphonesimulator/composeApp
    export TARGET_DEVICE_IDENTIFIER\=D9D53B52-C958-49D2-940B-790339F24489
    export TARGET_DEVICE_MODEL\=iPhone18,1
    export TARGET_DEVICE_OS_VERSION\=26.0
    export TARGET_DEVICE_PLATFORM_NAME\=iphonesimulator
    export TARGET_NAME\=composeApp
    export TARGET_TEMP_DIR\=/Users/juancruzeliasmartin/Library/Developer/Xcode/DerivedData/iosApp-egruljlnuqqmtoadtbwontgygwaw/Build/Intermediates.noindex/Pods.build/Debug-iphonesimulator/composeApp.build
    export TEMP_DIR\=/Users/juancruzeliasmartin/Library/Developer/Xcode/DerivedData/iosApp-egruljlnuqqmtoadtbwontgygwaw/Build/Intermediates.noindex/Pods.build/Debug-iphonesimulator/composeApp.build
    export TEMP_FILES_DIR\=/Users/juancruzeliasmartin/Library/Developer/Xcode/DerivedData/iosApp-egruljlnuqqmtoadtbwontgygwaw/Build/Intermediates.noindex/Pods.build/Debug-iphonesimulator/composeApp.build
    export TEMP_FILE_DIR\=/Users/juancruzeliasmartin/Library/Developer/Xcode/DerivedData/iosApp-egruljlnuqqmtoadtbwontgygwaw/Build/Intermediates.noindex/Pods.build/Debug-iphonesimulator/composeApp.build
    export TEMP_ROOT\=/Users/juancruzeliasmartin/Library/Developer/Xcode/DerivedData/iosApp-egruljlnuqqmtoadtbwontgygwaw/Build/Intermediates.noindex
    export TEMP_SANDBOX_DIR\=/Users/juancruzeliasmartin/Library/Developer/Xcode/DerivedData/iosApp-egruljlnuqqmtoadtbwontgygwaw/Build/Intermediates.noindex/TemporaryTaskSandboxes
    export TEST_FRAMEWORK_SEARCH_PATHS\=\ /Applications/Xcode.app/Contents/Developer/Platforms/iPhoneSimulator.platform/Developer/Library/Frameworks\ /Applications/Xcode.app/Contents/Developer/Platforms/iPhoneSimulator.platform/Developer/SDKs/iPhoneSimulator26.0.sdk/Developer/Library/Frameworks
    export TEST_LIBRARY_SEARCH_PATHS\=\ /Applications/Xcode.app/Contents/Developer/Platforms/iPhoneSimulator.platform/Developer/usr/lib
    export TOOLCHAINS\=com.apple.dt.toolchain.XcodeDefault
    export TOOLCHAIN_DIR\=/Applications/Xcode.app/Contents/Developer/Toolchains/XcodeDefault.xctoolchain
    export TREAT_MISSING_BASELINES_AS_TEST_FAILURES\=NO
    export TREAT_MISSING_SCRIPT_PHASE_OUTPUTS_AS_ERRORS\=NO
    export UID\=501
    export UNINSTALLED_PRODUCTS_DIR\=/Users/juancruzeliasmartin/Library/Developer/Xcode/DerivedData/iosApp-egruljlnuqqmtoadtbwontgygwaw/Build/Intermediates.noindex/UninstalledProducts
    export UNSTRIPPED_PRODUCT\=NO
    export USER\=juancruzeliasmartin
    export USER_APPS_DIR\=/Users/juancruzeliasmartin/Applications
    export USER_LIBRARY_DIR\=/Users/juancruzeliasmartin/Library
    export USE_DYNAMIC_NO_PIC\=YES
    export USE_HEADERMAP\=YES
    export USE_HEADER_SYMLINKS\=NO
    export USE_RECURSIVE_SCRIPT_INPUTS_IN_SCRIPT_PHASES\=YES
    export VALIDATE_DEVELOPMENT_ASSET_PATHS\=YES_ERROR
    export VALIDATE_PRODUCT\=NO
    export VALID_ARCHS\=arm64\ x86_64
    export VERBOSE_PBXCP\=NO
    export VERSION_INFO_BUILDER\=juancruzeliasmartin
    export VERSION_INFO_FILE\=composeApp_vers.c
    export VERSION_INFO_STRING\=\"@\(\#\)PROGRAM:composeApp\ \ PROJECT:Pods-\"
    export WORKSPACE_DIR\=/Users/juancruzeliasmartin/AndroidStudioProjects/mi-partido-kmp/iosApp
    export WRAP_ASSET_PACKS_IN_SEPARATE_DIRECTORIES\=NO
    export XCODE_APP_SUPPORT_DIR\=/Applications/Xcode.app/Contents/Developer/Library/Xcode
    export XCODE_PRODUCT_BUILD_VERSION\=17A400
    export XCODE_VERSION_ACTUAL\=2601
    export XCODE_VERSION_MAJOR\=2600
    export XCODE_VERSION_MINOR\=2600
    export XPCSERVICES_FOLDER_PATH\=/XPCServices
    export YACC\=yacc
    export _DISCOVER_COMMAND_LINE_LINKER_INPUTS\=YES
    export _DISCOVER_COMMAND_LINE_LINKER_INPUTS_INCLUDE_WL\=YES
    export _LD_MULTIARCH\=YES
    export __DIAGNOSE_DEPRECATED_ARCHS\=YES
    export arch\=undefined_arch
    export variant\=normal
    /bin/sh -c /Users/juancruzeliasmartin/Library/Developer/Xcode/DerivedData/iosApp-egruljlnuqqmtoadtbwontgygwaw/Build/Intermediates.noindex/Pods.build/Debug-iphonesimulator/composeApp.build/Script-47089C7BAF7A2AA4C06E6265BF2B7AE8.sh

                REPO_ROOT="$PODS_TARGET_SRCROOT"
                "$REPO_ROOT/../gradlew" -p "$REPO_ROOT" $KOTLIN_PROJECT_PATH:syncFramework                     -Pkotlin.native.cocoapods.platform=$PLATFORM_NAME                     -Pkotlin.native.cocoapods.archs="$ARCHS"                     -Pkotlin.native.cocoapods.configuration="$CONFIGURATION"
Starting a Gradle Daemon, 1 incompatible Daemon could not be reused, use --status for details
Calculating task graph as no cached configuration is available for tasks: :syncFramework
Type-safe project accessors is an incubating feature.
error: Cannot locate tasks that match ':syncFramework' as task 'syncFramework' not found in root project 'mi-partido-kmp'.

[Incubating] Problems report is available at: file:///Users/juancruzeliasmartin/AndroidStudioProjects/mi-partido-kmp/build/reports/problems/problems-report.html

FAILURE: Build failed with an exception.

* What went wrong:
Cannot locate tasks that match ':syncFramework' as task 'syncFramework' not found in root project 'mi-partido-kmp'.

* Try:
> Run gradlew tasks to get a list of available tasks.
> For more on name expansion, please refer to https://docs.gradle.org/8.14.3/userguide/command_line_interface.html#sec:name_abbreviation in the Gradle documentation.
> Run with --stacktrace option to get the stack trace.
> Run with --info or --debug option to get more log output.
> Run with --scan to get full insights.
> Get more help at https://help.gradle.org.

BUILD FAILED in 4s
Configuration cache entry stored.

                REPO_ROOT="$PODS_TARGET_SRCROOT"

                "$REPO_ROOT/../gradlew" -p "$REPO_ROOT" $KOTLIN_PROJECT_PATH:syncFramework                     -Pkotlin.native.cocoapods.platform=$PLATFORM_NAME                     -Pkotlin.native.cocoapods.archs="$ARCHS"                     -Pkotlin.native.cocoapods.configuration="$CONFIGURATION"

Starting a Gradle Daemon, 1 incompatible Daemon could not be reused, use --status for details

Calculating task graph as no cached configuration is available for tasks: :syncFramework

Type-safe project accessors is an incubating feature.



[Incubating] Problems report is available at: file:///Users/juancruzeliasmartin/AndroidStudioProjects/mi-partido-kmp/build/reports/problems/problems-report.html



FAILURE: Build failed with an exception.



* What went wrong:

Cannot locate tasks that match ':syncFramework' as task 'syncFramework' not found in root project 'mi-partido-kmp'.



* Try:

> Run gradlew tasks to get a list of available tasks.

> For more on name expansion, please refer to https://docs.gradle.org/8.14.3/userguide/command_line_interface.html#sec:name_abbreviation in the Gradle documentation.

> Run with --stacktrace option to get the stack trace.

> Run with --info or --debug option to get more log output.

> Run with --scan to get full insights.

> Get more help at https://help.gradle.org.



BUILD FAILED in 4s

Configuration cache entry stored.

Cannot locate tasks that match ':syncFramework' as task 'syncFramework' not found in root project 'mi-partido-kmp'.



Build failed    03/12/2025, 10:28    8.2 seconds
